<?xml version="1.0" encoding="UTF-8"?>
<!-- Generated by org.testng.reporters.JUnitReportReporter -->
<testsuite hostname="Sagar" failures="0" tests="1" name="test.LoginPage" time="13.033" errors="0" timestamp="2023-06-29T12:28:17 NZST" skipped="0">
  <testcase classname="test.LoginPage" name="loginTestCase" time="13.033"/>
</testsuite> <!-- test.LoginPage -->
